<?xml version="1.0" encoding="UTF-8"?>
<testsuite xmlns:xsi="http://www.w3.org/2001/XMLSchema-instance" xsi:noNamespaceSchemaLocation="https://maven.apache.org/surefire/maven-surefire-plugin/xsd/surefire-test-report.xsd" name="com.example.repository.StudentRepositoryTest" time="0.445" tests="5" errors="0" skipped="0" failures="0">
  <properties>
[...]
</properties>
  <testcase name="testSaveStudent" classname="com.example.repository.StudentRepositoryTest" time="0.425"/>
  <testcase name="testUpdateStudent" classname="com.example.repository.StudentRepositoryTest" time="0.003"/>
  <testcase name="testFindAllStudents" classname="com.example.repository.StudentRepositoryTest" time="0.002"/>
  <testcase name="testFindStudentById" classname="com.example.repository.StudentRepositoryTest" time="0.003"/>
  <testcase name="testDeleteStudent" classname="com.example.repository.StudentRepositoryTest" time="0.003"/>
</testsuite>