<?xml version="1.0" encoding="UTF-8"?>
<testsuite xmlns:xsi="http://www.w3.org/2001/XMLSchema-instance" xsi:noNamespaceSchemaLocation="https://maven.apache.org/surefire/maven-surefire-plugin/xsd/surefire-test-report-3.0.xsd" version="3.0" name="com.example.service.StudentServiceTest" time="0.438" tests="3" errors="0" skipped="0" failures="0">
  <properties>
[...]
</properties>
  <testcase name="shouldReturnSuccess" classname="com.example.service.StudentServiceTest" time="0.073">
    <system-out><![CDATA[2023-09-08T14:45:39.016+07:00  INFO 21655 --- [           main] t.c.s.AnnotationConfigContextLoaderUtils : Could not detect default configuration classes for test class [com.example.service.StudentServiceTest]: StudentServiceTest does not declare any static, non-private, non-final, nested classes annotated with @Configuration.
2023-09-08T14:45:39.024+07:00  INFO 21655 --- [           main] .b.t.c.SpringBootTestContextBootstrapper : Found @SpringBootConfiguration com.example.DemoApplication for test class com.example.service.StudentServiceTest

  .   ____          _            __ _ _
 /\\ / ___'_ __ _ _(_)_ __  __ _ \ \ \ \
( ( )\___ | '_ | '_| | '_ \/ _` | \ \ \ \
 \\/  ___)| |_)| | | | | || (_| |  ) ) ) )
  '  |____| .__|_| |_|_| |_\__, | / / / /
 =========|_|==============|___/=/_/_/_/
 :: Spring Boot ::                (v3.1.2)

2023-09-08T14:45:39.052+07:00  INFO 21655 --- [           main] com.example.service.StudentServiceTest   : Starting StudentServiceTest using Java 17.0.8 with PID 21655 (started by development in /home/development/dev/AAQUA/dynamodb-locally)
2023-09-08T14:45:39.053+07:00  INFO 21655 --- [           main] com.example.service.StudentServiceTest   : No active profile set, falling back to 1 default profile: "default"
2023-09-08T14:45:39.336+07:00  INFO 21655 --- [           main] com.example.service.StudentServiceTest   : Started StudentServiceTest in 0.308 seconds (process running for 5.44)
]]></system-out>
  </testcase>
  <testcase name="shouldReturnName" classname="com.example.service.StudentServiceTest" time="0.018"/>
  <testcase name="shouldReturnClassNumber" classname="com.example.service.StudentServiceTest" time="0.017"/>
</testsuite>